TN:
SF:src/App.tsx
FN:8,App
FNF:1
FNH:0
FNDA:0,App
DA:9,0
LF:1
LH:0
BRF:0
BRH:0
end_of_record
TN:
SF:src/__tests__/test-utils.tsx
FN:6,renderWithProviders
FNF:1
FNH:1
FNDA:103,renderWithProviders
DA:7,103
DA:10,103
LF:2
LH:2
BRDA:6,0,0,103
BRDA:6,1,0,103
BRF:2
BRH:2
end_of_record
TN:
SF:src/app/layout.tsx
FN:5,AppLayout
FNF:1
FNH:0
FNDA:0,AppLayout
DA:6,0
LF:1
LH:0
BRF:0
BRH:0
end_of_record
TN:
SF:src/app/routes.tsx
FN:7,(anonymous_0)
FN:8,(anonymous_1)
FN:11,(anonymous_2)
FN:12,(anonymous_3)
FN:15,(anonymous_4)
FN:16,(anonymous_5)
FN:19,(anonymous_6)
FN:20,(anonymous_7)
FN:23,(anonymous_8)
FN:24,(anonymous_9)
FN:27,(anonymous_10)
FN:28,(anonymous_11)
FN:31,(anonymous_12)
FN:32,(anonymous_13)
FN:35,(anonymous_14)
FN:36,(anonymous_15)
FN:39,(anonymous_16)
FN:40,(anonymous_17)
FN:43,(anonymous_18)
FN:44,(anonymous_19)
FN:47,(anonymous_20)
FN:48,(anonymous_21)
FN:51,(anonymous_22)
FN:52,(anonymous_23)
FN:55,(anonymous_24)
FN:56,(anonymous_25)
FN:59,(anonymous_26)
FN:60,(anonymous_27)
FN:63,(anonymous_28)
FN:64,(anonymous_29)
FN:67,(anonymous_30)
FN:68,(anonymous_31)
FN:71,(anonymous_32)
FN:72,(anonymous_33)
FN:75,Loading
FN:91,withSuspense
FNF:36
FNH:0
FNDA:0,(anonymous_0)
FNDA:0,(anonymous_1)
FNDA:0,(anonymous_2)
FNDA:0,(anonymous_3)
FNDA:0,(anonymous_4)
FNDA:0,(anonymous_5)
FNDA:0,(anonymous_6)
FNDA:0,(anonymous_7)
FNDA:0,(anonymous_8)
FNDA:0,(anonymous_9)
FNDA:0,(anonymous_10)
FNDA:0,(anonymous_11)
FNDA:0,(anonymous_12)
FNDA:0,(anonymous_13)
FNDA:0,(anonymous_14)
FNDA:0,(anonymous_15)
FNDA:0,(anonymous_16)
FNDA:0,(anonymous_17)
FNDA:0,(anonymous_18)
FNDA:0,(anonymous_19)
FNDA:0,(anonymous_20)
FNDA:0,(anonymous_21)
FNDA:0,(anonymous_22)
FNDA:0,(anonymous_23)
FNDA:0,(anonymous_24)
FNDA:0,(anonymous_25)
FNDA:0,(anonymous_26)
FNDA:0,(anonymous_27)
FNDA:0,(anonymous_28)
FNDA:0,(anonymous_29)
FNDA:0,(anonymous_30)
FNDA:0,(anonymous_31)
FNDA:0,(anonymous_32)
FNDA:0,(anonymous_33)
FNDA:0,Loading
FNDA:0,withSuspense
DA:7,0
DA:8,0
DA:11,0
DA:12,0
DA:15,0
DA:16,0
DA:19,0
DA:20,0
DA:23,0
DA:24,0
DA:27,0
DA:28,0
DA:31,0
DA:32,0
DA:35,0
DA:36,0
DA:39,0
DA:40,0
DA:43,0
DA:44,0
DA:47,0
DA:48,0
DA:51,0
DA:52,0
DA:55,0
DA:56,0
DA:59,0
DA:60,0
DA:63,0
DA:64,0
DA:67,0
DA:68,0
DA:71,0
DA:72,0
DA:76,0
DA:92,0
DA:95,0
LF:37
LH:0
BRF:0
BRH:0
end_of_record
TN:
SF:src/components/layout/header.tsx
FN:20,Header
FN:25,(anonymous_1)
FNF:2
FNH:2
FNDA:13,Header
FNDA:1,(anonymous_1)
DA:8,1
DA:14,1
DA:21,13
DA:22,13
DA:23,13
DA:25,13
DA:26,1
DA:29,13
LF:8
LH:8
BRDA:83,0,0,10
BRDA:83,0,1,3
BRDA:96,1,0,10
BRDA:96,1,1,3
BRF:4
BRH:4
end_of_record
TN:
SF:src/components/layout/page-header.tsx
FN:8,PageHeader
FNF:1
FNH:0
FNDA:0,PageHeader
DA:9,0
LF:1
LH:0
BRDA:28,0,0,0
BRDA:28,0,1,0
BRF:2
BRH:0
end_of_record
TN:
SF:src/components/layout/sidebar.tsx
FN:93,Sidebar
FN:104,(anonymous_1)
FN:105,(anonymous_2)
FN:108,(anonymous_3)
FN:166,(anonymous_4)
FN:169,(anonymous_5)
FN:201,(anonymous_6)
FN:202,(anonymous_7)
FN:206,(anonymous_8)
FNF:9
FNH:9
FNDA:28,Sidebar
FNDA:1,(anonymous_1)
FNDA:1,(anonymous_2)
FNDA:112,(anonymous_3)
FNDA:69,(anonymous_4)
FNDA:1,(anonymous_5)
FNDA:220,(anonymous_6)
FNDA:182,(anonymous_7)
FNDA:182,(anonymous_8)
DA:44,4
DA:94,28
DA:95,28
DA:96,28
DA:97,28
DA:104,28
DA:105,1
DA:108,112
DA:110,28
DA:167,69
DA:169,1
DA:201,220
DA:203,182
DA:206,182
LF:14
LH:14
BRDA:113,0,0,3
BRDA:113,0,1,25
BRDA:132,1,0,3
BRDA:132,1,1,25
BRDA:133,2,0,3
BRDA:133,2,1,25
BRDA:138,3,0,28
BRDA:138,3,1,25
BRDA:177,4,0,6
BRDA:177,4,1,63
BRDA:178,5,0,6
BRDA:178,5,1,63
BRDA:189,6,0,69
BRDA:189,6,1,63
BRDA:191,7,0,69
BRDA:191,7,1,63
BRDA:192,8,0,62
BRDA:192,8,1,1
BRDA:198,9,0,69
BRDA:198,9,1,1
BRDA:198,9,2,68
BRDA:210,10,0,12
BRDA:210,10,1,170
BRDA:211,11,0,12
BRDA:211,11,1,170
BRDA:212,12,0,0
BRDA:212,12,1,182
BRDA:213,13,0,0
BRDA:213,13,1,182
BRDA:216,14,0,0
BRDA:216,14,1,182
BRDA:221,15,0,182
BRDA:221,15,1,170
BRDA:241,16,0,3
BRDA:241,16,1,25
BRDA:242,17,0,3
BRDA:242,17,1,25
BRDA:250,18,0,28
BRDA:250,18,1,25
BRF:39
BRH:36
end_of_record
TN:
SF:src/components/shared/code-preview.tsx
FN:13,CodePreview
FN:16,(anonymous_1)
FN:17,(anonymous_2)
FN:19,(anonymous_3)
FN:96,(anonymous_4)
FNF:5
FNH:0
FNDA:0,CodePreview
FNDA:0,(anonymous_1)
FNDA:0,(anonymous_2)
FNDA:0,(anonymous_3)
FNDA:0,(anonymous_4)
DA:14,0
DA:16,0
DA:17,0
DA:18,0
DA:19,0
DA:23,0
DA:25,0
DA:97,0
LF:8
LH:0
BRDA:13,0,0,0
BRDA:13,1,0,0
BRDA:59,2,0,0
BRDA:59,2,1,0
BRDA:77,3,0,0
BRDA:77,3,1,0
BRDA:83,4,0,0
BRDA:83,4,1,0
BRDA:84,5,0,0
BRDA:84,5,1,0
BRDA:124,6,0,0
BRDA:124,6,1,0
BRF:12
BRH:0
end_of_record
TN:
SF:src/components/shared/confirm-dialog.tsx
FN:17,ConfirmDialog
FN:31,(anonymous_1)
FN:36,(anonymous_2)
FN:111,(anonymous_3)
FNF:4
FNH:0
FNDA:0,ConfirmDialog
FNDA:0,(anonymous_1)
FNDA:0,(anonymous_2)
FNDA:0,(anonymous_3)
DA:27,0
DA:29,0
DA:31,0
DA:32,0
DA:33,0
DA:36,0
DA:37,0
DA:38,0
DA:39,0
DA:42,0
DA:111,0
LF:11
LH:0
BRDA:23,0,0,0
BRDA:25,1,0,0
BRDA:29,2,0,0
BRDA:29,2,1,0
BRDA:37,3,0,0
BRDA:37,3,1,0
BRDA:56,4,0,0
BRDA:56,4,1,0
BRDA:59,5,0,0
BRDA:59,5,1,0
BRDA:60,6,0,0
BRDA:60,6,1,0
BRDA:90,7,0,0
BRDA:90,7,1,0
BRDA:116,8,0,0
BRDA:116,8,1,0
BRF:16
BRH:0
end_of_record
TN:
SF:src/components/shared/data-table.tsx
FN:28,DataTable
FN:75,(anonymous_1)
FN:83,(anonymous_2)
FN:96,(anonymous_3)
FN:100,(anonymous_4)
FN:101,(anonymous_5)
FN:104,(anonymous_6)
FN:108,(anonymous_7)
FN:146,(anonymous_8)
FN:151,(anonymous_9)
FN:151,(anonymous_10)
FN:154,(anonymous_11)
FN:175,(anonymous_12)
FNF:13
FNH:0
FNDA:0,DataTable
FNDA:0,(anonymous_1)
FNDA:0,(anonymous_2)
FNDA:0,(anonymous_3)
FNDA:0,(anonymous_4)
FNDA:0,(anonymous_5)
FNDA:0,(anonymous_6)
FNDA:0,(anonymous_7)
FNDA:0,(anonymous_8)
FNDA:0,(anonymous_9)
FNDA:0,(anonymous_10)
FNDA:0,(anonymous_11)
FNDA:0,(anonymous_12)
DA:42,0
DA:44,0
DA:56,0
DA:63,0
DA:76,0
DA:83,0
DA:97,0
DA:100,0
DA:102,0
DA:105,0
DA:109,0
DA:146,0
DA:151,0
DA:152,0
DA:154,0
DA:175,0
LF:16
LH:0
BRDA:35,0,0,0
BRDA:36,1,0,0
BRDA:37,2,0,0
BRDA:42,3,0,0
BRDA:42,3,1,0
BRDA:80,4,0,0
BRDA:80,4,1,0
BRDA:83,5,0,0
BRDA:83,5,1,0
BRDA:87,6,0,0
BRDA:87,6,1,0
BRDA:87,6,2,0
BRDA:88,7,0,0
BRDA:88,7,1,0
BRDA:99,8,0,0
BRDA:99,8,1,0
BRDA:110,9,0,0
BRDA:110,9,1,0
BRDA:110,10,0,0
BRDA:110,10,1,0
BRDA:118,11,0,0
BRDA:118,11,1,0
BRDA:131,12,0,0
BRDA:131,12,1,0
BRDA:131,12,2,0
BRDA:131,12,3,0
BRDA:159,13,0,0
BRDA:159,13,1,0
BRDA:160,14,0,0
BRDA:160,14,1,0
BRDA:161,15,0,0
BRDA:161,15,1,0
BRDA:163,16,0,0
BRDA:163,16,1,0
BRF:34
BRH:0
end_of_record
TN:
SF:src/components/shared/status-badge.tsx
FN:42,StatusBadge
FNF:1
FNH:0
FNDA:0,StatusBadge
DA:15,1
DA:43,0
DA:44,0
DA:46,0
LF:4
LH:1
BRDA:44,0,0,0
BRDA:44,0,1,0
BRF:2
BRH:0
end_of_record
TN:
SF:src/components/shared/yaml-editor.tsx
FN:11,parseYaml
FN:47,formatYaml
FN:53,(anonymous_2)
FN:59,YamlEditor
FN:66,(anonymous_4)
FN:73,(anonymous_5)
FN:74,(anonymous_6)
FN:76,(anonymous_7)
FN:80,(anonymous_8)
FN:87,(anonymous_9)
FN:189,(anonymous_10)
FNF:11
FNH:0
FNDA:0,parseYaml
FNDA:0,formatYaml
FNDA:0,(anonymous_2)
FNDA:0,YamlEditor
FNDA:0,(anonymous_4)
FNDA:0,(anonymous_5)
FNDA:0,(anonymous_6)
FNDA:0,(anonymous_7)
FNDA:0,(anonymous_8)
FNDA:0,(anonymous_9)
FNDA:0,(anonymous_10)
DA:13,0
DA:14,0
DA:15,0
DA:17,0
DA:18,0
DA:21,0
DA:22,0
DA:28,0
DA:29,0
DA:30,0
DA:31,0
DA:32,0
DA:33,0
DA:34,0
DA:36,0
DA:37,0
DA:39,0
DA:44,0
DA:49,0
DA:50,0
DA:51,0
DA:53,0
DA:54,0
DA:56,0
DA:60,0
DA:61,0
DA:62,0
DA:64,0
DA:66,0
DA:67,0
DA:68,0
DA:69,0
DA:70,0
DA:73,0
DA:74,0
DA:75,0
DA:76,0
DA:80,0
DA:81,0
DA:82,0
DA:83,0
DA:84,0
DA:87,0
DA:88,0
DA:89,0
DA:90,0
DA:94,0
DA:190,0
LF:48
LH:0
BRDA:17,0,0,0
BRDA:17,0,1,0
BRDA:21,1,0,0
BRDA:21,1,1,0
BRDA:22,2,0,0
BRDA:22,2,1,0
BRDA:22,3,0,0
BRDA:22,3,1,0
BRDA:31,4,0,0
BRDA:31,4,1,0
BRDA:31,5,0,0
BRDA:31,5,1,0
BRDA:32,6,0,0
BRDA:32,6,1,0
BRDA:32,7,0,0
BRDA:32,7,1,0
BRDA:36,8,0,0
BRDA:36,8,1,0
BRDA:36,9,0,0
BRDA:36,9,1,0
BRDA:39,10,0,0
BRDA:39,10,1,0
BRDA:39,11,0,0
BRDA:39,11,1,0
BRDA:59,12,0,0
BRDA:59,13,0,0
BRDA:89,14,0,0
BRDA:89,14,1,0
BRDA:98,15,0,0
BRDA:98,15,1,0
BRDA:131,16,0,0
BRDA:131,16,1,0
BRDA:163,17,0,0
BRDA:163,17,1,0
BRDA:168,18,0,0
BRDA:168,18,1,0
BRDA:169,19,0,0
BRDA:169,19,1,0
BRDA:228,20,0,0
BRDA:228,20,1,0
BRDA:234,21,0,0
BRDA:234,21,1,0
BRF:42
BRH:0
end_of_record
TN:
SF:src/components/ui/button.tsx
FN:51,(anonymous_0)
FNF:1
FNH:1
FNDA:246,(anonymous_0)
DA:12,7
DA:45,7
DA:51,7
DA:53,246
DA:55,246
DA:92,7
LF:6
LH:6
BRDA:52,0,0,246
BRDA:52,1,0,246
BRDA:52,2,0,246
BRDA:53,3,0,246
BRDA:53,3,1,242
BRDA:64,4,0,4
BRDA:64,4,1,242
BRDA:65,5,0,4
BRDA:65,5,1,242
BRDA:73,6,0,246
BRDA:73,6,1,0
BRF:11
BRH:10
end_of_record
TN:
SF:src/components/ui/card.tsx
FN:16,Card
FN:43,(anonymous_1)
FN:48,(anonymous_2)
FNF:3
FNH:0
FNDA:0,Card
FNDA:0,(anonymous_1)
FNDA:0,(anonymous_2)
DA:28,0
DA:44,0
DA:45,0
DA:49,0
DA:50,0
LF:5
LH:0
BRDA:18,0,0,0
BRDA:19,1,0,0
BRDA:24,2,0,0
BRDA:33,3,0,0
BRDA:33,3,1,0
BRDA:37,4,0,0
BRDA:37,4,1,0
BRDA:44,5,0,0
BRDA:44,5,1,0
BRDA:49,6,0,0
BRDA:49,6,1,0
BRDA:54,7,0,0
BRDA:54,7,1,0
BRDA:54,7,2,0
BRDA:54,7,3,0
BRDA:56,8,0,0
BRDA:56,8,1,0
BRDA:73,9,0,0
BRDA:73,9,1,0
BRDA:73,9,2,0
BRDA:75,10,0,0
BRDA:75,10,1,0
BRDA:81,11,0,0
BRDA:81,11,1,0
BRDA:87,12,0,0
BRDA:87,12,1,0
BRDA:97,13,0,0
BRDA:97,13,1,0
BRF:28
BRH:0
end_of_record
TN:
SF:src/components/ui/input.tsx
FN:9,(anonymous_0)
FN:44,(anonymous_1)
FN:48,(anonymous_2)
FNF:3
FNH:1
FNDA:121,(anonymous_0)
FNDA:0,(anonymous_1)
FNDA:0,(anonymous_2)
DA:9,6
DA:11,121
DA:13,121
DA:45,0
DA:46,0
DA:49,0
DA:52,0
DA:67,6
LF:8
LH:4
BRDA:15,0,0,121
BRDA:15,0,1,104
BRDA:33,1,0,0
BRDA:33,1,1,121
BRDA:49,2,0,0
BRDA:49,2,1,0
BRDA:56,3,0,121
BRDA:56,3,1,0
BRDA:59,4,0,121
BRDA:59,4,1,121
BRDA:59,4,2,0
BRF:11
BRH:6
end_of_record
TN:
SF:src/components/ui/modal.tsx
FN:13,Modal
FN:16,(anonymous_1)
FN:19,(anonymous_2)
FN:23,(anonymous_3)
FN:34,(anonymous_4)
FNF:5
FNH:4
FNDA:43,Modal
FNDA:43,(anonymous_1)
FNDA:0,(anonymous_2)
FNDA:9,(anonymous_3)
FNDA:2,(anonymous_4)
DA:14,43
DA:16,43
DA:17,43
DA:19,9
DA:20,0
DA:22,9
DA:23,9
DA:26,43
DA:28,9
DA:35,2
LF:10
LH:9
BRDA:13,0,0,43
BRDA:17,1,0,34
BRDA:17,1,1,9
BRDA:20,2,0,0
BRDA:20,2,1,0
BRDA:26,3,0,34
BRDA:26,3,1,9
BRDA:35,4,0,0
BRDA:35,4,1,2
BRDA:54,5,0,0
BRDA:54,5,1,9
BRDA:61,6,0,43
BRDA:61,6,1,9
BRDA:97,7,0,43
BRDA:97,7,1,9
BRF:15
BRH:11
end_of_record
TN:
SF:src/features/admin/api/admin-api.ts
FN:63,(anonymous_0)
FN:64,(anonymous_1)
FN:65,(anonymous_2)
FN:66,(anonymous_3)
FN:72,(anonymous_4)
FN:73,(anonymous_5)
FN:75,(anonymous_6)
FN:76,(anonymous_7)
FN:78,(anonymous_8)
FN:79,(anonymous_9)
FN:81,(anonymous_10)
FN:82,(anonymous_11)
FN:84,(anonymous_12)
FN:85,(anonymous_13)
FN:87,(anonymous_14)
FN:88,(anonymous_15)
FN:90,(anonymous_16)
FN:91,(anonymous_17)
FN:93,(anonymous_18)
FN:94,(anonymous_19)
FN:96,(anonymous_20)
FN:97,(anonymous_21)
FN:102,useOrganization
FN:109,useUpdateOrganization
FN:113,(anonymous_24)
FN:119,useMembers
FN:122,(anonymous_26)
FN:127,useInviteMember
FN:130,(anonymous_28)
FN:131,(anonymous_29)
FN:137,useRemoveMember
FN:140,(anonymous_31)
FN:141,(anonymous_32)
FN:147,useClusters
FN:154,useCluster
FN:157,(anonymous_35)
FN:162,useCreateCluster
FN:166,(anonymous_37)
FN:172,useDeleteCluster
FN:176,(anonymous_39)
FNF:40
FNH:0
FNDA:0,(anonymous_0)
FNDA:0,(anonymous_1)
FNDA:0,(anonymous_2)
FNDA:0,(anonymous_3)
FNDA:0,(anonymous_4)
FNDA:0,(anonymous_5)
FNDA:0,(anonymous_6)
FNDA:0,(anonymous_7)
FNDA:0,(anonymous_8)
FNDA:0,(anonymous_9)
FNDA:0,(anonymous_10)
FNDA:0,(anonymous_11)
FNDA:0,(anonymous_12)
FNDA:0,(anonymous_13)
FNDA:0,(anonymous_14)
FNDA:0,(anonymous_15)
FNDA:0,(anonymous_16)
FNDA:0,(anonymous_17)
FNDA:0,(anonymous_18)
FNDA:0,(anonymous_19)
FNDA:0,(anonymous_20)
FNDA:0,(anonymous_21)
FNDA:0,useOrganization
FNDA:0,useUpdateOrganization
FNDA:0,(anonymous_24)
FNDA:0,useMembers
FNDA:0,(anonymous_26)
FNDA:0,useInviteMember
FNDA:0,(anonymous_28)
FNDA:0,(anonymous_29)
FNDA:0,useRemoveMember
FNDA:0,(anonymous_31)
FNDA:0,(anonymous_32)
FNDA:0,useClusters
FNDA:0,useCluster
FNDA:0,(anonymous_35)
FNDA:0,useCreateCluster
FNDA:0,(anonymous_37)
FNDA:0,useDeleteCluster
FNDA:0,(anonymous_39)
DA:62,0
DA:63,0
DA:64,0
DA:65,0
DA:66,0
DA:71,0
DA:73,0
DA:76,0
DA:79,0
DA:82,0
DA:85,0
DA:88,0
DA:91,0
DA:94,0
DA:97,0
DA:103,0
DA:110,0
DA:111,0
DA:114,0
DA:120,0
DA:122,0
DA:128,0
DA:129,0
DA:130,0
DA:132,0
DA:138,0
DA:139,0
DA:140,0
DA:142,0
DA:148,0
DA:155,0
DA:157,0
DA:163,0
DA:164,0
DA:167,0
DA:173,0
DA:174,0
DA:177,0
LF:38
LH:0
BRF:0
BRH:0
end_of_record
TN:
SF:src/features/admin/pages/cluster-page.tsx
FN:46,ClusterPage
FN:55,(anonymous_1)
FN:57,(anonymous_2)
FN:92,(anonymous_3)
FN:124,(anonymous_4)
FN:130,(anonymous_5)
FN:190,(anonymous_6)
FN:216,(anonymous_7)
FN:253,(anonymous_8)
FN:291,(anonymous_9)
FN:295,(anonymous_10)
FN:315,(anonymous_11)
FN:315,(anonymous_12)
FN:323,(anonymous_13)
FN:323,(anonymous_14)
FN:346,(anonymous_15)
FN:346,(anonymous_16)
FNF:17
FNH:8
FNDA:23,ClusterPage
FNDA:0,(anonymous_1)
FNDA:0,(anonymous_2)
FNDA:4,(anonymous_3)
FNDA:69,(anonymous_4)
FNDA:2,(anonymous_5)
FNDA:92,(anonymous_6)
FNDA:23,(anonymous_7)
FNDA:23,(anonymous_8)
FNDA:0,(anonymous_9)
FNDA:1,(anonymous_10)
FNDA:0,(anonymous_11)
FNDA:0,(anonymous_12)
FNDA:0,(anonymous_13)
FNDA:0,(anonymous_14)
FNDA:0,(anonymous_15)
FNDA:0,(anonymous_16)
DA:9,2
DA:39,2
DA:47,23
DA:48,23
DA:49,23
DA:51,23
DA:52,23
DA:53,23
DA:55,23
DA:56,0
DA:58,0
DA:59,0
DA:64,23
DA:92,4
DA:125,69
DA:126,69
DA:127,69
DA:130,2
DA:191,92
DA:217,23
DA:218,23
DA:254,23
DA:291,0
DA:295,1
DA:315,0
DA:323,0
DA:346,0
LF:27
LH:20
BRDA:48,0,0,23
BRDA:48,0,1,23
BRDA:51,1,0,23
BRDA:51,1,1,0
BRDA:135,2,0,23
BRDA:135,2,1,46
BRDA:136,3,0,23
BRDA:136,3,1,46
BRDA:141,4,0,23
BRDA:141,4,1,46
BRDA:170,5,0,23
BRDA:170,5,1,0
BRDA:303,6,0,23
BRDA:303,6,1,0
BRF:14
BRH:11
end_of_record
TN:
SF:src/features/admin/pages/organization-page.tsx
FN:39,OrganizationPage
FN:62,(anonymous_1)
FN:66,(anonymous_2)
FN:68,(anonymous_3)
FN:75,(anonymous_4)
FN:77,(anonymous_5)
FN:80,(anonymous_6)
FN:137,(anonymous_7)
FN:137,(anonymous_8)
FN:142,(anonymous_9)
FN:142,(anonymous_10)
FN:147,(anonymous_11)
FN:147,(anonymous_12)
FN:153,(anonymous_13)
FN:153,(anonymous_14)
FN:190,(anonymous_15)
FN:210,(anonymous_16)
FN:244,(anonymous_17)
FN:252,(anonymous_18)
FN:271,(anonymous_19)
FN:310,(anonymous_20)
FN:325,(anonymous_21)
FN:329,(anonymous_22)
FN:345,(anonymous_23)
FN:345,(anonymous_24)
FN:351,(anonymous_25)
FN:351,(anonymous_26)
FNF:27
FNH:8
FNDA:20,OrganizationPage
FNDA:0,(anonymous_1)
FNDA:0,(anonymous_2)
FNDA:0,(anonymous_3)
FNDA:0,(anonymous_4)
FNDA:0,(anonymous_5)
FNDA:0,(anonymous_6)
FNDA:0,(anonymous_7)
FNDA:0,(anonymous_8)
FNDA:0,(anonymous_9)
FNDA:0,(anonymous_10)
FNDA:0,(anonymous_11)
FNDA:0,(anonymous_12)
FNDA:0,(anonymous_13)
FNDA:0,(anonymous_14)
FNDA:80,(anonymous_15)
FNDA:0,(anonymous_16)
FNDA:4,(anonymous_17)
FNDA:100,(anonymous_18)
FNDA:60,(anonymous_19)
FNDA:0,(anonymous_20)
FNDA:0,(anonymous_21)
FNDA:1,(anonymous_22)
FNDA:1,(anonymous_23)
FNDA:1,(anonymous_24)
FNDA:0,(anonymous_25)
FNDA:0,(anonymous_26)
DA:9,2
DA:19,2
DA:25,2
DA:31,2
DA:37,2
DA:40,20
DA:41,20
DA:42,20
DA:44,20
DA:45,20
DA:47,20
DA:48,20
DA:49,20
DA:51,20
DA:59,20
DA:60,20
DA:62,20
DA:63,0
DA:66,20
DA:67,0
DA:69,0
DA:70,0
DA:75,20
DA:76,0
DA:77,0
DA:80,0
DA:85,20
DA:92,20
DA:137,0
DA:142,0
DA:147,0
DA:153,0
DA:191,80
DA:192,80
DA:210,0
DA:244,4
DA:253,100
DA:272,60
DA:310,0
DA:325,0
DA:329,1
DA:345,1
DA:351,0
LF:43
LH:28
BRDA:41,0,0,20
BRDA:41,0,1,20
BRDA:45,1,0,20
BRDA:45,1,1,20
BRDA:56,2,0,20
BRDA:56,2,1,0
BRDA:76,3,0,0
BRDA:76,3,1,0
BRDA:79,4,0,0
BRDA:79,4,1,0
BRDA:136,5,0,20
BRDA:136,5,1,0
BRDA:141,6,0,20
BRDA:141,6,1,0
BRDA:146,7,0,20
BRDA:146,7,1,0
BRDA:152,8,0,20
BRDA:152,8,1,0
BRDA:191,9,0,80
BRDA:191,9,1,0
BRDA:202,10,0,40
BRDA:202,10,1,40
BRDA:203,11,0,40
BRDA:203,11,1,40
BRDA:213,12,0,40
BRDA:213,12,1,40
BRF:26
BRH:16
end_of_record
TN:
SF:src/features/admin/pages/user-management-page.tsx
FN:40,UserManagementPage
FN:48,(anonymous_1)
FN:50,(anonymous_2)
FN:103,(anonymous_3)
FN:121,(anonymous_4)
FN:127,(anonymous_5)
FN:134,(anonymous_6)
FN:135,(anonymous_7)
FN:183,(anonymous_8)
FN:187,(anonymous_9)
FN:207,(anonymous_10)
FN:207,(anonymous_11)
FN:213,(anonymous_12)
FN:213,(anonymous_13)
FNF:14
FNH:0
FNDA:0,UserManagementPage
FNDA:0,(anonymous_1)
FNDA:0,(anonymous_2)
FNDA:0,(anonymous_3)
FNDA:0,(anonymous_4)
FNDA:0,(anonymous_5)
FNDA:0,(anonymous_6)
FNDA:0,(anonymous_7)
FNDA:0,(anonymous_8)
FNDA:0,(anonymous_9)
FNDA:0,(anonymous_10)
FNDA:0,(anonymous_11)
FNDA:0,(anonymous_12)
FNDA:0,(anonymous_13)
DA:9,0
DA:11,0
DA:18,0
DA:24,0
DA:30,0
DA:41,0
DA:42,0
DA:43,0
DA:45,0
DA:46,0
DA:48,0
DA:49,0
DA:51,0
DA:52,0
DA:57,0
DA:68,0
DA:75,0
DA:103,0
DA:122,0
DA:128,0
DA:129,0
DA:130,0
DA:134,0
DA:135,0
DA:183,0
DA:187,0
DA:207,0
DA:213,0
LF:28
LH:0
BRDA:42,0,0,0
BRDA:42,0,1,0
BRDA:173,1,0,0
BRDA:173,1,1,0
BRF:4
BRH:0
end_of_record
TN:
SF:src/features/auth/pages/login-page.tsx
FN:27,LoginPage
FN:29,(anonymous_1)
FN:34,(anonymous_2)
FN:122,(anonymous_3)
FN:148,(anonymous_4)
FNF:5
FNH:5
FNDA:16,LoginPage
FNDA:48,(anonymous_1)
FNDA:4,(anonymous_2)
FNDA:4,(anonymous_3)
FNDA:4,(anonymous_4)
DA:6,3
DA:21,3
DA:28,16
DA:29,48
DA:30,16
DA:31,16
DA:32,16
DA:34,16
DA:35,4
DA:36,4
DA:38,4
DA:39,4
DA:40,1
DA:41,1
DA:44,3
DA:45,3
DA:48,16
DA:122,4
DA:148,4
LF:19
LH:19
BRDA:39,0,0,1
BRDA:39,0,1,3
BRDA:39,1,0,4
BRDA:39,1,1,3
BRDA:45,2,0,3
BRDA:45,2,1,0
BRDA:163,3,0,16
BRDA:163,3,1,1
BRF:8
BRH:7
end_of_record
TN:
SF:src/features/cicd/api/cicd-api.ts
FN:78,(anonymous_0)
FN:79,(anonymous_1)
FN:80,(anonymous_2)
FN:81,(anonymous_3)
FN:87,(anonymous_4)
FN:88,(anonymous_5)
FN:90,(anonymous_6)
FN:91,(anonymous_7)
FN:93,(anonymous_8)
FN:94,(anonymous_9)
FN:96,(anonymous_10)
FN:97,(anonymous_11)
FN:99,(anonymous_12)
FN:100,(anonymous_13)
FN:102,(anonymous_14)
FN:103,(anonymous_15)
FN:105,(anonymous_16)
FN:106,(anonymous_17)
FN:111,useCicdTemplates
FN:118,usePipelines
FN:121,(anonymous_20)
FN:125,useCreatePipeline
FN:129,(anonymous_22)
FN:135,useDeployPipeline
FN:139,(anonymous_24)
FN:146,useDeployments
FN:149,(anonymous_26)
FN:153,useAppTemplates
FN:160,useDeployApp
FNF:29
FNH:0
FNDA:0,(anonymous_0)
FNDA:0,(anonymous_1)
FNDA:0,(anonymous_2)
FNDA:0,(anonymous_3)
FNDA:0,(anonymous_4)
FNDA:0,(anonymous_5)
FNDA:0,(anonymous_6)
FNDA:0,(anonymous_7)
FNDA:0,(anonymous_8)
FNDA:0,(anonymous_9)
FNDA:0,(anonymous_10)
FNDA:0,(anonymous_11)
FNDA:0,(anonymous_12)
FNDA:0,(anonymous_13)
FNDA:0,(anonymous_14)
FNDA:0,(anonymous_15)
FNDA:0,(anonymous_16)
FNDA:0,(anonymous_17)
FNDA:0,useCicdTemplates
FNDA:0,usePipelines
FNDA:0,(anonymous_20)
FNDA:0,useCreatePipeline
FNDA:0,(anonymous_22)
FNDA:0,useDeployPipeline
FNDA:0,(anonymous_24)
FNDA:0,useDeployments
FNDA:0,(anonymous_26)
FNDA:0,useAppTemplates
FNDA:0,useDeployApp
DA:77,0
DA:78,0
DA:79,0
DA:80,0
DA:81,0
DA:86,0
DA:88,0
DA:91,0
DA:94,0
DA:97,0
DA:100,0
DA:103,0
DA:106,0
DA:112,0
DA:119,0
DA:121,0
DA:126,0
DA:127,0
DA:130,0
DA:136,0
DA:137,0
DA:140,0
DA:141,0
DA:147,0
DA:149,0
DA:154,0
DA:161,0
LF:27
LH:0
BRF:0
BRH:0
end_of_record
TN:
SF:src/features/cicd/pages/cicd-history-page.tsx
FN:57,formatDate
FN:62,CicdHistoryPage
FN:69,(anonymous_2)
FN:133,(anonymous_3)
FN:139,(anonymous_4)
FN:161,(anonymous_5)
FN:167,(anonymous_6)
FN:173,(anonymous_7)
FN:174,(anonymous_8)
FNF:9
FNH:0
FNDA:0,formatDate
FNDA:0,CicdHistoryPage
FNDA:0,(anonymous_2)
FNDA:0,(anonymous_3)
FNDA:0,(anonymous_4)
FNDA:0,(anonymous_5)
FNDA:0,(anonymous_6)
FNDA:0,(anonymous_7)
FNDA:0,(anonymous_8)
DA:6,0
DA:49,0
DA:58,0
DA:59,0
DA:63,0
DA:64,0
DA:66,0
DA:67,0
DA:69,0
DA:70,0
DA:71,0
DA:72,0
DA:75,0
DA:85,0
DA:96,0
DA:103,0
DA:133,0
DA:139,0
DA:162,0
DA:168,0
DA:169,0
DA:173,0
DA:174,0
LF:23
LH:0
BRDA:58,0,0,0
BRDA:58,0,1,0
BRDA:66,1,0,0
BRDA:66,1,1,0
BRDA:67,2,0,0
BRDA:67,2,1,0
BRDA:70,3,0,0
BRDA:70,3,1,0
BRDA:71,4,0,0
BRDA:71,4,1,0
BRDA:72,5,0,0
BRDA:72,5,1,0
BRDA:168,6,0,0
BRDA:168,6,1,0
BRDA:192,7,0,0
BRDA:192,7,1,0
BRF:16
BRH:0
end_of_record
TN:
SF:src/features/cicd/pages/cicd-list-page.tsx
FN:50,formatDate
FN:65,CicdListPage
FN:76,(anonymous_2)
FN:83,(anonymous_3)
FN:85,(anonymous_4)
FN:138,(anonymous_5)
FN:161,(anonymous_6)
FN:165,(anonymous_7)
FN:187,(anonymous_8)
FN:193,(anonymous_9)
FN:199,(anonymous_10)
FN:200,(anonymous_11)
FN:219,(anonymous_12)
FN:243,(anonymous_13)
FN:247,(anonymous_14)
FN:265,(anonymous_15)
FN:265,(anonymous_16)
FN:271,(anonymous_17)
FN:271,(anonymous_18)
FN:283,(anonymous_19)
FN:283,(anonymous_20)
FNF:21
FNH:0
FNDA:0,formatDate
FNDA:0,CicdListPage
FNDA:0,(anonymous_2)
FNDA:0,(anonymous_3)
FNDA:0,(anonymous_4)
FNDA:0,(anonymous_5)
FNDA:0,(anonymous_6)
FNDA:0,(anonymous_7)
FNDA:0,(anonymous_8)
FNDA:0,(anonymous_9)
FNDA:0,(anonymous_10)
FNDA:0,(anonymous_11)
FNDA:0,(anonymous_12)
FNDA:0,(anonymous_13)
FNDA:0,(anonymous_14)
FNDA:0,(anonymous_15)
FNDA:0,(anonymous_16)
FNDA:0,(anonymous_17)
FNDA:0,(anonymous_18)
FNDA:0,(anonymous_19)
FNDA:0,(anonymous_20)
DA:9,0
DA:42,0
DA:51,0
DA:52,0
DA:55,0
DA:66,0
DA:67,0
DA:68,0
DA:69,0
DA:71,0
DA:72,0
DA:73,0
DA:74,0
DA:76,0
DA:77,0
DA:78,0
DA:79,0
DA:80,0
DA:83,0
DA:84,0
DA:86,0
DA:87,0
DA:92,0
DA:103,0
DA:110,0
DA:138,0
DA:161,0
DA:165,0
DA:188,0
DA:194,0
DA:195,0
DA:199,0
DA:200,0
DA:219,0
DA:243,0
DA:247,0
DA:265,0
DA:271,0
DA:283,0
LF:39
LH:0
BRDA:51,0,0,0
BRDA:51,0,1,0
BRDA:71,1,0,0
BRDA:71,1,1,0
BRDA:71,2,0,0
BRDA:71,2,1,0
BRDA:72,3,0,0
BRDA:72,3,1,0
BRDA:78,4,0,0
BRDA:78,4,1,0
BRDA:78,4,2,0
BRDA:79,5,0,0
BRDA:79,5,1,0
BRDA:80,6,0,0
BRDA:80,6,1,0
BRDA:194,7,0,0
BRDA:194,7,1,0
BRDA:233,8,0,0
BRDA:233,8,1,0
BRDA:253,9,0,0
BRDA:253,9,1,0
BRF:21
BRH:0
end_of_record
TN:
SF:src/features/cicd/pages/cicd-template-page.tsx
FN:38,CicdTemplatePage
FN:43,(anonymous_1)
FN:96,(anonymous_2)
FN:110,(anonymous_3)
FN:125,(anonymous_4)
FN:128,(anonymous_5)
FN:165,(anonymous_6)
FNF:7
FNH:0
FNDA:0,CicdTemplatePage
FNDA:0,(anonymous_1)
FNDA:0,(anonymous_2)
FNDA:0,(anonymous_3)
FNDA:0,(anonymous_4)
FNDA:0,(anonymous_5)
FNDA:0,(anonymous_6)
DA:8,0
DA:32,0
DA:39,0
DA:40,0
DA:41,0
DA:43,0
DA:45,0
DA:49,0
DA:96,0
DA:111,0
DA:112,0
DA:126,0
DA:129,0
DA:166,0
LF:14
LH:0
BRDA:40,0,0,0
BRDA:40,0,1,0
BRDA:45,1,0,0
BRDA:45,1,1,0
BRDA:111,2,0,0
BRDA:111,2,1,0
BRDA:179,3,0,0
BRDA:179,3,1,0
BRDA:204,4,0,0
BRDA:204,4,1,0
BRF:10
BRH:0
end_of_record
TN:
SF:src/features/cicd/pages/developer-deploy-page.tsx
FN:33,generateYaml
FN:66,(anonymous_1)
FN:67,(anonymous_2)
FN:67,(anonymous_3)
FN:111,DeveloperDeployPage
FN:112,(anonymous_5)
FN:138,(anonymous_6)
FN:139,(anonymous_7)
FN:142,(anonymous_8)
FN:144,(anonymous_9)
FN:157,(anonymous_10)
FN:160,(anonymous_11)
FN:161,(anonymous_12)
FN:199,(anonymous_13)
FN:245,(anonymous_14)
FN:248,(anonymous_15)
FN:281,(anonymous_16)
FN:284,(anonymous_17)
FN:343,(anonymous_18)
FN:356,(anonymous_19)
FN:368,(anonymous_20)
FN:370,(anonymous_21)
FN:375,(anonymous_22)
FN:384,(anonymous_23)
FN:387,(anonymous_24)
FN:403,(anonymous_25)
FN:409,(anonymous_26)
FN:415,(anonymous_27)
FN:421,(anonymous_28)
FN:430,(anonymous_29)
FN:435,(anonymous_30)
FN:445,(anonymous_31)
FN:453,(anonymous_32)
FN:453,(anonymous_33)
FN:463,(anonymous_34)
FN:476,(anonymous_35)
FN:476,(anonymous_36)
FN:485,(anonymous_37)
FN:485,(anonymous_38)
FN:520,StepSection
FN:531,ResourceSlider
FN:563,(anonymous_41)
FN:567,(anonymous_42)
FNF:43
FNH:0
FNDA:0,generateYaml
FNDA:0,(anonymous_1)
FNDA:0,(anonymous_2)
FNDA:0,(anonymous_3)
FNDA:0,DeveloperDeployPage
FNDA:0,(anonymous_5)
FNDA:0,(anonymous_6)
FNDA:0,(anonymous_7)
FNDA:0,(anonymous_8)
FNDA:0,(anonymous_9)
FNDA:0,(anonymous_10)
FNDA:0,(anonymous_11)
FNDA:0,(anonymous_12)
FNDA:0,(anonymous_13)
FNDA:0,(anonymous_14)
FNDA:0,(anonymous_15)
FNDA:0,(anonymous_16)
FNDA:0,(anonymous_17)
FNDA:0,(anonymous_18)
FNDA:0,(anonymous_19)
FNDA:0,(anonymous_20)
FNDA:0,(anonymous_21)
FNDA:0,(anonymous_22)
FNDA:0,(anonymous_23)
FNDA:0,(anonymous_24)
FNDA:0,(anonymous_25)
FNDA:0,(anonymous_26)
FNDA:0,(anonymous_27)
FNDA:0,(anonymous_28)
FNDA:0,(anonymous_29)
FNDA:0,(anonymous_30)
FNDA:0,(anonymous_31)
FNDA:0,(anonymous_32)
FNDA:0,(anonymous_33)
FNDA:0,(anonymous_34)
FNDA:0,(anonymous_35)
FNDA:0,(anonymous_36)
FNDA:0,(anonymous_37)
FNDA:0,(anonymous_38)
FNDA:0,StepSection
FNDA:0,ResourceSlider
FNDA:0,(anonymous_41)
FNDA:0,(anonymous_42)
DA:12,0
DA:20,0
DA:25,0
DA:34,0
DA:35,0
DA:36,0
DA:66,0
DA:67,0
DA:98,0
DA:112,0
DA:113,0
DA:114,0
DA:115,0
DA:117,0
DA:119,0
DA:120,0
DA:138,0
DA:139,0
DA:142,0
DA:144,0
DA:145,0
DA:157,0
DA:159,0
DA:160,0
DA:161,0
DA:165,0
DA:173,0
DA:174,0
DA:200,0
DA:201,0
DA:202,0
DA:211,0
DA:246,0
DA:248,0
DA:282,0
DA:284,0
DA:343,0
DA:356,0
DA:369,0
DA:370,0
DA:371,0
DA:376,0
DA:384,0
DA:388,0
DA:403,0
DA:409,0
DA:415,0
DA:421,0
DA:431,0
DA:436,0
DA:437,0
DA:438,0
DA:446,0
DA:447,0
DA:448,0
DA:453,0
DA:463,0
DA:476,0
DA:485,0
DA:521,0
DA:542,0
DA:543,0
DA:563,0
DA:568,0
DA:577,0
DA:587,0
LF:66
LH:0
BRDA:34,0,0,0
BRDA:34,0,1,0
BRDA:35,1,0,0
BRDA:35,1,1,0
BRDA:39,2,0,0
BRDA:39,2,1,0
BRDA:40,3,0,0
BRDA:40,3,1,0
BRDA:42,4,0,0
BRDA:42,4,1,0
BRDA:43,5,0,0
BRDA:43,5,1,0
BRDA:48,6,0,0
BRDA:48,6,1,0
BRDA:52,7,0,0
BRDA:52,7,1,0
BRDA:55,8,0,0
BRDA:55,8,1,0
BRDA:56,9,0,0
BRDA:56,9,1,0
BRDA:61,10,0,0
BRDA:61,10,1,0
BRDA:62,11,0,0
BRDA:62,11,1,0
BRDA:66,12,0,0
BRDA:66,12,1,0
BRDA:66,13,0,0
BRDA:66,13,1,0
BRDA:67,14,0,0
BRDA:67,14,1,0
BRDA:73,15,0,0
BRDA:73,15,1,0
BRDA:74,16,0,0
BRDA:74,16,1,0
BRDA:77,17,0,0
BRDA:77,17,1,0
BRDA:119,18,0,0
BRDA:119,18,1,0
BRDA:142,19,0,0
BRDA:142,19,1,0
BRDA:168,20,0,0
BRDA:168,20,1,0
BRDA:169,21,0,0
BRDA:169,21,1,0
BRDA:173,22,0,0
BRDA:173,22,1,0
BRDA:250,23,0,0
BRDA:250,23,1,0
BRDA:251,24,0,0
BRDA:251,24,1,0
BRDA:284,25,0,0
BRDA:284,25,1,0
BRDA:291,26,0,0
BRDA:291,26,1,0
BRDA:301,27,0,0
BRDA:301,27,1,0
BRDA:301,28,0,0
BRDA:301,28,1,0
BRDA:302,29,0,0
BRDA:302,29,1,0
BRDA:302,30,0,0
BRDA:302,30,1,0
BRDA:316,31,0,0
BRDA:316,31,1,0
BRDA:317,32,0,0
BRDA:317,32,1,0
BRDA:323,33,0,0
BRDA:323,33,1,0
BRDA:338,34,0,0
BRDA:338,34,1,0
BRDA:351,35,0,0
BRDA:351,35,1,0
BRDA:361,36,0,0
BRDA:361,36,1,0
BRDA:371,37,0,0
BRDA:371,37,1,0
BRDA:396,38,0,0
BRDA:396,38,1,0
BRDA:427,39,0,0
BRDA:427,39,1,0
BRDA:475,40,0,0
BRDA:475,40,1,0
BRDA:480,41,0,0
BRDA:480,41,1,0
BRDA:511,42,0,0
BRDA:511,42,1,0
BRDA:562,43,0,0
BRDA:562,43,1,0
BRF:88
BRH:0
end_of_record
TN:
SF:src/features/common/pages/not-found-page.tsx
FN:3,NotFoundPage
FN:49,(anonymous_1)
FNF:2
FNH:0
FNDA:0,NotFoundPage
FNDA:0,(anonymous_1)
DA:4,0
DA:6,0
DA:49,0
LF:3
LH:0
BRF:0
BRH:0
end_of_record
TN:
SF:src/features/home/pages/home-page.tsx
FN:12,HomePage
FNF:1
FNH:1
FNDA:8,HomePage
DA:6,2
DA:13,8
DA:14,8
DA:16,8
LF:4
LH:4
BRDA:60,0,0,8
BRDA:60,0,1,7
BRDA:60,0,2,3
BRF:3
BRH:3
end_of_record
TN:
SF:src/features/observability/api/observability-api.ts
FN:65,(anonymous_0)
FN:66,(anonymous_1)
FN:67,(anonymous_2)
FN:73,(anonymous_3)
FN:74,(anonymous_4)
FN:76,(anonymous_5)
FN:77,(anonymous_6)
FN:79,(anonymous_7)
FN:80,(anonymous_8)
FN:82,(anonymous_9)
FN:83,(anonymous_10)
FN:85,(anonymous_11)
FN:88,(anonymous_12)
FN:93,useDashboard
FN:101,useAlertRules
FN:108,useCreateAlertRule
FN:112,(anonymous_16)
FN:118,useUpdateAlertRule
FN:121,(anonymous_18)
FN:123,(anonymous_19)
FN:129,useAlertHistory
FN:132,(anonymous_21)
FNF:22
FNH:0
FNDA:0,(anonymous_0)
FNDA:0,(anonymous_1)
FNDA:0,(anonymous_2)
FNDA:0,(anonymous_3)
FNDA:0,(anonymous_4)
FNDA:0,(anonymous_5)
FNDA:0,(anonymous_6)
FNDA:0,(anonymous_7)
FNDA:0,(anonymous_8)
FNDA:0,(anonymous_9)
FNDA:0,(anonymous_10)
FNDA:0,(anonymous_11)
FNDA:0,(anonymous_12)
FNDA:0,useDashboard
FNDA:0,useAlertRules
FNDA:0,useCreateAlertRule
FNDA:0,(anonymous_16)
FNDA:0,useUpdateAlertRule
FNDA:0,(anonymous_18)
FNDA:0,(anonymous_19)
FNDA:0,useAlertHistory
FNDA:0,(anonymous_21)
DA:64,0
DA:65,0
DA:66,0
DA:67,0
DA:72,0
DA:74,0
DA:77,0
DA:80,0
DA:83,0
DA:86,0
DA:88,0
DA:94,0
DA:102,0
DA:109,0
DA:110,0
DA:113,0
DA:119,0
DA:120,0
DA:122,0
DA:124,0
DA:130,0
DA:132,0
LF:22
LH:0
BRDA:93,0,0,0
BRF:1
BRH:0
end_of_record
TN:
SF:src/features/observability/pages/alert-history-page.tsx
FN:19,formatDate
FN:24,AlertHistoryPage
FN:30,(anonymous_2)
FN:90,(anonymous_3)
FN:110,(anonymous_4)
FN:116,(anonymous_5)
FN:122,(anonymous_6)
FN:123,(anonymous_7)
FNF:8
FNH:0
FNDA:0,formatDate
FNDA:0,AlertHistoryPage
FNDA:0,(anonymous_2)
FNDA:0,(anonymous_3)
FNDA:0,(anonymous_4)
FNDA:0,(anonymous_5)
FNDA:0,(anonymous_6)
FNDA:0,(anonymous_7)
DA:6,0
DA:13,0
DA:20,0
DA:21,0
DA:25,0
DA:27,0
DA:28,0
DA:30,0
DA:32,0
DA:42,0
DA:53,0
DA:60,0
DA:90,0
DA:111,0
DA:117,0
DA:118,0
DA:122,0
DA:123,0
LF:18
LH:0
BRDA:20,0,0,0
BRDA:20,0,1,0
BRDA:27,1,0,0
BRDA:27,1,1,0
BRDA:28,2,0,0
BRDA:28,2,1,0
BRDA:30,3,0,0
BRDA:30,3,1,0
BRDA:134,4,0,0
BRDA:134,4,1,0
BRDA:146,5,0,0
BRDA:146,5,1,0
BRF:12
BRH:0
end_of_record
TN:
SF:src/features/observability/pages/alert-rules-page.tsx
FN:30,AlertRulesPage
FN:39,(anonymous_1)
FN:41,(anonymous_2)
FN:48,(anonymous_3)
FN:98,(anonymous_4)
FN:116,(anonymous_5)
FN:122,(anonymous_6)
FN:128,(anonymous_7)
FN:129,(anonymous_8)
FN:142,(anonymous_9)
FN:190,(anonymous_10)
FN:194,(anonymous_11)
FN:212,(anonymous_12)
FN:212,(anonymous_13)
FN:218,(anonymous_14)
FN:218,(anonymous_15)
FN:224,(anonymous_16)
FN:224,(anonymous_17)
FN:230,(anonymous_18)
FN:230,(anonymous_19)
FNF:20
FNH:0
FNDA:0,AlertRulesPage
FNDA:0,(anonymous_1)
FNDA:0,(anonymous_2)
FNDA:0,(anonymous_3)
FNDA:0,(anonymous_4)
FNDA:0,(anonymous_5)
FNDA:0,(anonymous_6)
FNDA:0,(anonymous_7)
FNDA:0,(anonymous_8)
FNDA:0,(anonymous_9)
FNDA:0,(anonymous_10)
FNDA:0,(anonymous_11)
FNDA:0,(anonymous_12)
FNDA:0,(anonymous_13)
FNDA:0,(anonymous_14)
FNDA:0,(anonymous_15)
FNDA:0,(anonymous_16)
FNDA:0,(anonymous_17)
FNDA:0,(anonymous_18)
FNDA:0,(anonymous_19)
DA:9,0
DA:15,0
DA:20,0
DA:31,0
DA:32,0
DA:33,0
DA:34,0
DA:36,0
DA:37,0
DA:39,0
DA:40,0
DA:42,0
DA:43,0
DA:48,0
DA:49,0
DA:52,0
DA:63,0
DA:70,0
DA:98,0
DA:117,0
DA:123,0
DA:124,0
DA:128,0
DA:129,0
DA:142,0
DA:190,0
DA:194,0
DA:212,0
DA:218,0
DA:224,0
DA:230,0
LF:31
LH:0
BRDA:32,0,0,0
BRDA:32,0,1,0
BRDA:146,1,0,0
BRDA:146,1,1,0
BRDA:157,2,0,0
BRDA:157,2,1,0
BRDA:166,3,0,0
BRDA:166,3,1,0
BRDA:167,4,0,0
BRDA:167,4,1,0
BRDA:180,5,0,0
BRDA:180,5,1,0
BRDA:200,6,0,0
BRDA:200,6,1,0
BRDA:200,6,2,0
BRF:15
BRH:0
end_of_record
TN:
SF:src/features/observability/pages/monitoring-page.tsx
FN:34,UsageBar
FN:42,MonitoringPage
FN:105,(anonymous_2)
FN:169,(anonymous_3)
FNF:4
FNH:0
FNDA:0,UsageBar
FNDA:0,MonitoringPage
FNDA:0,(anonymous_2)
FNDA:0,(anonymous_3)
DA:5,0
DA:28,0
DA:35,0
DA:43,0
DA:44,0
DA:45,0
DA:47,0
DA:54,0
DA:61,0
DA:68,0
DA:106,0
DA:170,0
DA:171,0
LF:13
LH:0
BRDA:44,0,0,0
BRDA:44,0,1,0
BRDA:44,1,0,0
BRDA:44,1,1,0
BRDA:44,1,2,0
BRF:5
BRH:0
end_of_record
TN:
SF:src/features/stack/api/stack-api.ts
FN:87,(anonymous_0)
FN:88,(anonymous_1)
FN:89,(anonymous_2)
FN:90,(anonymous_3)
FN:91,(anonymous_4)
FN:92,(anonymous_5)
FN:93,(anonymous_6)
FN:94,(anonymous_7)
FN:100,(anonymous_8)
FN:101,(anonymous_9)
FN:103,(anonymous_10)
FN:104,(anonymous_11)
FN:106,(anonymous_12)
FN:107,(anonymous_13)
FN:109,(anonymous_14)
FN:110,(anonymous_15)
FN:112,(anonymous_16)
FN:113,(anonymous_17)
FN:115,(anonymous_18)
FN:116,(anonymous_19)
FN:118,(anonymous_20)
FN:119,(anonymous_21)
FN:121,(anonymous_22)
FN:122,(anonymous_23)
FN:124,(anonymous_24)
FN:125,(anonymous_25)
FN:127,(anonymous_26)
FN:128,(anonymous_27)
FN:130,(anonymous_28)
FN:131,(anonymous_29)
FN:136,useTemplates
FN:143,useTemplate
FN:146,(anonymous_32)
FN:151,useStacks
FN:154,(anonymous_34)
FN:158,useCreateStack
FN:162,(anonymous_36)
FN:168,useSaveDraft
FN:174,useEstimateResources
FN:180,useStackHistory
FN:183,(anonymous_40)
FN:188,useStackVersionDiff
FN:191,(anonymous_42)
FN:196,useRollbackStack
FN:199,(anonymous_44)
FN:201,(anonymous_45)
FN:207,useCompatibilityMatrix
FN:214,useValidateCompatibility
FN:216,(anonymous_48)
FNF:49
FNH:0
FNDA:0,(anonymous_0)
FNDA:0,(anonymous_1)
FNDA:0,(anonymous_2)
FNDA:0,(anonymous_3)
FNDA:0,(anonymous_4)
FNDA:0,(anonymous_5)
FNDA:0,(anonymous_6)
FNDA:0,(anonymous_7)
FNDA:0,(anonymous_8)
FNDA:0,(anonymous_9)
FNDA:0,(anonymous_10)
FNDA:0,(anonymous_11)
FNDA:0,(anonymous_12)
FNDA:0,(anonymous_13)
FNDA:0,(anonymous_14)
FNDA:0,(anonymous_15)
FNDA:0,(anonymous_16)
FNDA:0,(anonymous_17)
FNDA:0,(anonymous_18)
FNDA:0,(anonymous_19)
FNDA:0,(anonymous_20)
FNDA:0,(anonymous_21)
FNDA:0,(anonymous_22)
FNDA:0,(anonymous_23)
FNDA:0,(anonymous_24)
FNDA:0,(anonymous_25)
FNDA:0,(anonymous_26)
FNDA:0,(anonymous_27)
FNDA:0,(anonymous_28)
FNDA:0,(anonymous_29)
FNDA:0,useTemplates
FNDA:0,useTemplate
FNDA:0,(anonymous_32)
FNDA:0,useStacks
FNDA:0,(anonymous_34)
FNDA:0,useCreateStack
FNDA:0,(anonymous_36)
FNDA:0,useSaveDraft
FNDA:0,useEstimateResources
FNDA:0,useStackHistory
FNDA:0,(anonymous_40)
FNDA:0,useStackVersionDiff
FNDA:0,(anonymous_42)
FNDA:0,useRollbackStack
FNDA:0,(anonymous_44)
FNDA:0,(anonymous_45)
FNDA:0,useCompatibilityMatrix
FNDA:0,useValidateCompatibility
FNDA:0,(anonymous_48)
DA:86,0
DA:87,0
DA:88,0
DA:89,0
DA:90,0
DA:91,0
DA:92,0
DA:93,0
DA:94,0
DA:99,0
DA:101,0
DA:104,0
DA:107,0
DA:110,0
DA:113,0
DA:116,0
DA:119,0
DA:122,0
DA:125,0
DA:128,0
DA:131,0
DA:137,0
DA:144,0
DA:146,0
DA:152,0
DA:154,0
DA:159,0
DA:160,0
DA:163,0
DA:169,0
DA:175,0
DA:181,0
DA:183,0
DA:189,0
DA:191,0
DA:197,0
DA:198,0
DA:200,0
DA:202,0
DA:208,0
DA:215,0
DA:216,0
LF:42
LH:0
BRDA:192,0,0,0
BRDA:192,0,1,0
BRDA:192,0,2,0
BRF:3
BRH:0
end_of_record
TN:
SF:src/features/stack/hooks/use-deploy-log.ts
FN:30,useDeployLog
FN:37,(anonymous_1)
FN:43,(anonymous_2)
FN:52,(anonymous_3)
FN:59,(anonymous_4)
FN:67,(anonymous_5)
FNF:6
FNH:0
FNDA:0,useDeployLog
FNDA:0,(anonymous_1)
FNDA:0,(anonymous_2)
FNDA:0,(anonymous_3)
FNDA:0,(anonymous_4)
FNDA:0,(anonymous_5)
DA:31,0
DA:32,0
DA:33,0
DA:34,0
DA:35,0
DA:37,0
DA:38,0
DA:40,0
DA:42,0
DA:44,0
DA:45,0
DA:46,0
DA:52,0
DA:53,0
DA:54,0
DA:55,0
DA:56,0
DA:60,0
DA:61,0
DA:62,0
DA:67,0
DA:68,0
DA:72,0
LF:23
LH:0
BRDA:38,0,0,0
BRDA:38,0,1,0
BRDA:40,1,0,0
BRDA:40,1,1,0
BRDA:45,2,0,0
BRDA:45,2,1,0
BRDA:45,3,0,0
BRDA:45,3,1,0
BRDA:48,4,0,0
BRDA:48,4,1,0
BRDA:49,5,0,0
BRDA:49,5,1,0
BRDA:53,6,0,0
BRDA:53,6,1,0
BRDA:53,7,0,0
BRDA:53,7,1,0
BRDA:55,8,0,0
BRDA:55,8,1,0
BRDA:55,9,0,0
BRDA:55,9,1,0
BRDA:61,10,0,0
BRDA:61,10,1,0
BRF:22
BRH:0
end_of_record
TN:
SF:src/features/stack/pages/stack-deploy-page.tsx
FN:16,PhaseStep
FN:74,StatusSummary
FN:104,StackDeployPage
FN:109,(anonymous_3)
FN:155,(anonymous_4)
FN:219,(anonymous_5)
FNF:6
FNH:0
FNDA:0,PhaseStep
FNDA:0,StatusSummary
FNDA:0,StackDeployPage
FNDA:0,(anonymous_3)
FNDA:0,(anonymous_4)
FNDA:0,(anonymous_5)
DA:7,0
DA:9,0
DA:17,0
DA:18,0
DA:19,0
DA:20,0
DA:22,0
DA:75,0
DA:77,0
DA:78,0
DA:105,0
DA:106,0
DA:107,0
DA:109,0
DA:110,0
DA:113,0
DA:120,0
DA:156,0
DA:220,0
DA:221,0
LF:20
LH:0
BRDA:20,0,0,0
BRDA:20,0,1,0
BRDA:32,1,0,0
BRDA:32,1,1,0
BRDA:34,2,0,0
BRDA:34,2,1,0
BRDA:37,3,0,0
BRDA:37,3,1,0
BRDA:37,4,0,0
BRDA:37,4,1,0
BRDA:42,5,0,0
BRDA:42,5,1,0
BRDA:44,6,0,0
BRDA:44,6,1,0
BRDA:54,7,0,0
BRDA:54,7,1,0
BRDA:54,8,0,0
BRDA:54,8,1,0
BRDA:59,9,0,0
BRDA:59,9,1,0
BRDA:64,10,0,0
BRDA:64,10,1,0
BRDA:75,11,0,0
BRDA:75,11,1,0
BRDA:75,12,0,0
BRDA:75,12,1,0
BRDA:81,13,0,0
BRDA:81,13,1,0
BRDA:82,14,0,0
BRDA:82,14,1,0
BRDA:91,15,0,0
BRDA:91,15,1,0
BRDA:93,16,0,0
BRDA:93,16,1,0
BRDA:94,17,0,0
BRDA:94,17,1,0
BRDA:97,18,0,0
BRDA:97,18,1,0
BRDA:105,19,0,0
BRDA:145,20,0,0
BRDA:145,20,1,0
BRDA:146,21,0,0
BRDA:146,21,1,0
BRDA:171,22,0,0
BRDA:171,22,1,0
BRDA:214,23,0,0
BRDA:214,23,1,0
BRDA:216,24,0,0
BRDA:216,24,1,0
BRF:49
BRH:0
end_of_record
TN:
SF:src/features/stack/pages/stack-history-page.tsx
FN:64,formatDate
FN:74,StackHistoryPage
FN:98,(anonymous_2)
FN:101,(anonymous_3)
FN:148,(anonymous_4)
FN:155,(anonymous_5)
FN:163,(anonymous_6)
FN:164,(anonymous_7)
FN:167,(anonymous_8)
FN:210,(anonymous_9)
FN:216,(anonymous_10)
FN:226,(anonymous_11)
FN:248,(anonymous_12)
FN:279,(anonymous_13)
FN:285,(anonymous_14)
FN:312,(anonymous_15)
FN:326,(anonymous_16)
FN:351,(anonymous_17)
FNF:18
FNH:0
FNDA:0,formatDate
FNDA:0,StackHistoryPage
FNDA:0,(anonymous_2)
FNDA:0,(anonymous_3)
FNDA:0,(anonymous_4)
FNDA:0,(anonymous_5)
FNDA:0,(anonymous_6)
FNDA:0,(anonymous_7)
FNDA:0,(anonymous_8)
FNDA:0,(anonymous_9)
FNDA:0,(anonymous_10)
FNDA:0,(anonymous_11)
FNDA:0,(anonymous_12)
FNDA:0,(anonymous_13)
FNDA:0,(anonymous_14)
FNDA:0,(anonymous_15)
FNDA:0,(anonymous_16)
FNDA:0,(anonymous_17)
DA:8,0
DA:56,0
DA:65,0
DA:75,0
DA:76,0
DA:77,0
DA:78,0
DA:80,0
DA:91,0
DA:98,0
DA:99,0
DA:100,0
DA:101,0
DA:102,0
DA:103,0
DA:107,0
DA:149,0
DA:156,0
DA:157,0
DA:158,0
DA:163,0
DA:165,0
DA:168,0
DA:210,0
DA:216,0
DA:226,0
DA:249,0
DA:279,0
DA:286,0
DA:313,0
DA:327,0
DA:351,0
LF:32
LH:0
BRDA:99,0,0,0
BRDA:99,0,1,0
BRDA:163,1,0,0
BRDA:163,1,1,0
BRDA:172,2,0,0
BRDA:172,2,1,0
BRDA:187,3,0,0
BRDA:187,3,1,0
BRDA:212,4,0,0
BRDA:212,4,1,0
BRDA:222,5,0,0
BRDA:222,5,1,0
BRDA:235,6,0,0
BRDA:235,6,1,0
BRDA:280,7,0,0
BRDA:280,7,1,0
BRDA:283,8,0,0
BRDA:283,8,1,0
BRDA:341,9,0,0
BRDA:341,9,1,0
BRDA:341,9,2,0
BRDA:341,9,3,0
BRDA:353,10,0,0
BRDA:353,10,1,0
BRDA:354,11,0,0
BRDA:354,11,1,0
BRDA:356,12,0,0
BRDA:356,12,1,0
BRF:28
BRH:0
end_of_record
TN:
SF:src/features/stack/pages/stack-install-page.tsx
FN:90,ToolSelector
FN:97,(anonymous_1)
FN:102,(anonymous_2)
FN:148,draftToYaml
FN:195,StackInstallPage
FN:203,(anonymous_5)
FN:208,(anonymous_6)
FN:221,(anonymous_7)
FN:226,(anonymous_8)
FN:239,(anonymous_9)
FN:289,(anonymous_10)
FN:305,(anonymous_11)
FN:310,(anonymous_12)
FN:345,(anonymous_13)
FN:351,(anonymous_14)
FN:357,(anonymous_15)
FN:363,(anonymous_16)
FN:374,(anonymous_17)
FN:380,(anonymous_18)
FN:391,(anonymous_19)
FN:397,(anonymous_20)
FN:408,(anonymous_21)
FN:414,(anonymous_22)
FN:443,(anonymous_23)
FN:450,(anonymous_24)
FN:457,(anonymous_25)
FN:465,(anonymous_26)
FN:509,(anonymous_27)
FN:551,(anonymous_28)
FNF:29
FNH:11
FNDA:80,ToolSelector
FNDA:240,(anonymous_1)
FNDA:2,(anonymous_2)
FNDA:3,draftToYaml
FNDA:29,StackInstallPage
FNDA:12,(anonymous_5)
FNDA:0,(anonymous_6)
FNDA:0,(anonymous_7)
FNDA:0,(anonymous_8)
FNDA:0,(anonymous_9)
FNDA:0,(anonymous_10)
FNDA:174,(anonymous_11)
FNDA:12,(anonymous_12)
FNDA:1,(anonymous_13)
FNDA:0,(anonymous_14)
FNDA:0,(anonymous_15)
FNDA:0,(anonymous_16)
FNDA:1,(anonymous_17)
FNDA:0,(anonymous_18)
FNDA:0,(anonymous_19)
FNDA:0,(anonymous_20)
FNDA:0,(anonymous_21)
FNDA:0,(anonymous_22)
FNDA:0,(anonymous_23)
FNDA:0,(anonymous_24)
FNDA:0,(anonymous_25)
FNDA:0,(anonymous_26)
FNDA:0,(anonymous_27)
FNDA:348,(anonymous_28)
DA:19,2
DA:42,2
DA:55,2
DA:68,2
DA:91,80
DA:98,240
DA:99,240
DA:102,2
DA:149,3
DA:179,3
DA:184,2
DA:196,29
DA:197,29
DA:198,29
DA:199,29
DA:200,29
DA:201,29
DA:203,29
DA:204,12
DA:205,12
DA:208,29
DA:209,0
DA:221,0
DA:226,29
DA:227,0
DA:239,29
DA:240,0
DA:243,29
DA:289,0
DA:306,174
DA:307,174
DA:310,12
DA:345,1
DA:351,0
DA:357,0
DA:363,0
DA:374,1
DA:380,0
DA:391,0
DA:397,0
DA:408,0
DA:414,0
DA:443,0
DA:450,0
DA:457,0
DA:466,0
DA:510,0
DA:552,348
LF:48
LH:30
BRDA:108,0,0,80
BRDA:108,0,1,160
BRDA:109,1,0,80
BRDA:109,1,1,160
BRDA:120,2,0,80
BRDA:120,2,1,160
BRDA:121,3,0,80
BRDA:121,3,1,160
BRDA:128,4,0,240
BRDA:128,4,1,80
BRDA:133,5,0,80
BRDA:133,5,1,160
BRDA:150,6,0,3
BRDA:150,6,1,2
BRDA:151,7,0,3
BRDA:151,7,1,3
BRDA:152,8,0,3
BRDA:152,8,1,3
BRDA:314,9,0,29
BRDA:314,9,1,145
BRDA:318,10,0,29
BRDA:318,10,1,145
BRDA:319,11,0,29
BRDA:319,11,1,145
BRDA:339,12,0,29
BRDA:339,12,1,16
BRDA:368,13,0,29
BRDA:368,13,1,4
BRDA:385,14,0,29
BRDA:385,14,1,2
BRDA:402,15,0,29
BRDA:402,15,1,2
BRDA:419,16,0,29
BRDA:419,16,1,3
BRDA:432,17,0,29
BRDA:432,17,1,2
BRDA:492,18,0,2
BRDA:492,18,1,0
BRDA:539,19,0,29
BRDA:539,19,1,29
BRDA:540,20,0,29
BRDA:540,20,1,27
BRF:42
BRH:41
end_of_record
TN:
SF:src/features/stack/pages/stack-list-page.tsx
FN:56,formatDate
FN:60,StackListPage
FN:70,(anonymous_2)
FN:80,(anonymous_3)
FN:87,(anonymous_4)
FN:88,(anonymous_5)
FN:93,(anonymous_6)
FN:146,(anonymous_7)
FN:169,(anonymous_8)
FN:175,(anonymous_9)
FN:215,(anonymous_10)
FN:216,(anonymous_11)
FN:227,(anonymous_12)
FN:233,(anonymous_13)
FN:236,(anonymous_14)
FN:289,(anonymous_15)
FNF:16
FNH:0
FNDA:0,formatDate
FNDA:0,StackListPage
FNDA:0,(anonymous_2)
FNDA:0,(anonymous_3)
FNDA:0,(anonymous_4)
FNDA:0,(anonymous_5)
FNDA:0,(anonymous_6)
FNDA:0,(anonymous_7)
FNDA:0,(anonymous_8)
FNDA:0,(anonymous_9)
FNDA:0,(anonymous_10)
FNDA:0,(anonymous_11)
FNDA:0,(anonymous_12)
FNDA:0,(anonymous_13)
FNDA:0,(anonymous_14)
FNDA:0,(anonymous_15)
DA:12,0
DA:20,0
DA:57,0
DA:61,0
DA:62,0
DA:63,0
DA:64,0
DA:66,0
DA:67,0
DA:69,0
DA:71,0
DA:73,0
DA:77,0
DA:78,0
DA:81,0
DA:82,0
DA:83,0
DA:84,0
DA:87,0
DA:88,0
DA:89,0
DA:93,0
DA:94,0
DA:95,0
DA:98,0
DA:111,0
DA:118,0
DA:146,0
DA:169,0
DA:175,0
DA:216,0
DA:228,0
DA:229,0
DA:234,0
DA:237,0
DA:289,0
LF:36
LH:0
BRDA:66,0,0,0
BRDA:66,0,1,0
BRDA:67,1,0,0
BRDA:67,1,1,0
BRDA:73,2,0,0
BRDA:73,2,1,0
BRDA:73,2,2,0
BRDA:73,2,3,0
BRDA:77,3,0,0
BRDA:77,3,1,0
BRDA:78,4,0,0
BRDA:78,4,1,0
BRDA:81,5,0,0
BRDA:81,5,1,0
BRDA:82,6,0,0
BRDA:82,6,1,0
BRDA:83,7,0,0
BRDA:83,7,1,0
BRDA:84,8,0,0
BRDA:84,8,1,0
BRDA:84,9,0,0
BRDA:84,9,1,0
BRDA:89,10,0,0
BRDA:89,10,1,0
BRDA:89,11,0,0
BRDA:89,11,1,0
BRDA:94,12,0,0
BRDA:94,12,1,0
BRDA:95,13,0,0
BRDA:95,13,1,0
BRDA:228,14,0,0
BRDA:228,14,1,0
BRDA:278,15,0,0
BRDA:278,15,1,0
BRF:34
BRH:0
end_of_record
TN:
SF:src/features/stack/pages/stack-template-page.tsx
FN:36,StackTemplatePage
FN:44,(anonymous_1)
FN:48,(anonymous_2)
FN:51,(anonymous_3)
FN:104,(anonymous_4)
FN:118,(anonymous_5)
FN:131,(anonymous_6)
FN:134,(anonymous_7)
FN:157,(anonymous_8)
FN:199,(anonymous_9)
FNF:10
FNH:8
FNDA:17,StackTemplatePage
FNDA:51,(anonymous_1)
FNDA:38,(anonymous_2)
FNDA:3,(anonymous_3)
FNDA:3,(anonymous_4)
FNDA:45,(anonymous_5)
FNDA:0,(anonymous_6)
FNDA:0,(anonymous_7)
FNDA:285,(anonymous_8)
FNDA:3,(anonymous_9)
DA:9,2
DA:37,17
DA:38,17
DA:39,17
DA:40,17
DA:42,17
DA:44,17
DA:46,51
DA:48,38
DA:51,17
DA:52,3
DA:53,3
DA:54,3
DA:57,17
DA:104,3
DA:119,45
DA:132,0
DA:135,0
DA:158,285
DA:199,3
LF:20
LH:18
BRDA:42,0,0,0
BRDA:42,0,1,17
BRDA:46,1,0,51
BRDA:46,1,1,6
BRDA:46,1,2,6
BRDA:208,2,0,17
BRDA:208,2,1,1
BRF:7
BRH:6
end_of_record
TN:
SF:src/features/stack/pages/stack-version-page.tsx
FN:56,StackVersionPage
FN:62,(anonymous_1)
FN:65,(anonymous_2)
FN:136,(anonymous_3)
FN:142,(anonymous_4)
FN:150,(anonymous_5)
FN:151,(anonymous_6)
FN:154,(anonymous_7)
FN:199,(anonymous_8)
FN:239,(anonymous_9)
FN:292,(anonymous_10)
FNF:11
FNH:0
FNDA:0,StackVersionPage
FNDA:0,(anonymous_1)
FNDA:0,(anonymous_2)
FNDA:0,(anonymous_3)
FNDA:0,(anonymous_4)
FNDA:0,(anonymous_5)
FNDA:0,(anonymous_6)
FNDA:0,(anonymous_7)
FNDA:0,(anonymous_8)
FNDA:0,(anonymous_9)
FNDA:0,(anonymous_10)
DA:7,0
DA:43,0
DA:51,0
DA:57,0
DA:58,0
DA:59,0
DA:60,0
DA:62,0
DA:63,0
DA:64,0
DA:65,0
DA:66,0
DA:67,0
DA:71,0
DA:82,0
DA:89,0
DA:137,0
DA:143,0
DA:144,0
DA:145,0
DA:150,0
DA:152,0
DA:155,0
DA:200,0
DA:240,0
DA:241,0
DA:293,0
LF:27
LH:0
BRDA:144,0,0,0
BRDA:144,0,1,0
BRDA:150,1,0,0
BRDA:150,1,1,0
BRDA:159,2,0,0
BRDA:159,2,1,0
BRDA:182,3,0,0
BRDA:182,3,1,0
BRDA:245,4,0,0
BRDA:245,4,1,0
BRDA:261,5,0,0
BRDA:261,5,1,0
BRDA:261,5,2,0
BRDA:270,6,0,0
BRDA:270,6,1,0
BRDA:271,7,0,0
BRDA:271,7,1,0
BRDA:274,8,0,0
BRDA:274,8,1,0
BRDA:279,9,0,0
BRDA:279,9,1,0
BRDA:282,10,0,0
BRDA:282,10,1,0
BRDA:286,11,0,0
BRDA:286,11,1,0
BRDA:298,12,0,0
BRDA:298,12,1,0
BRDA:299,13,0,0
BRDA:299,13,1,0
BRDA:306,14,0,0
BRDA:306,14,1,0
BRF:31
BRH:0
end_of_record
TN:
SF:src/features/stack/stores/stack-config-store.ts
FN:103,(anonymous_0)
FN:107,(anonymous_1)
FN:108,(anonymous_2)
FN:110,(anonymous_3)
FN:111,(anonymous_4)
FN:113,(anonymous_5)
FN:114,(anonymous_6)
FN:116,(anonymous_7)
FN:117,(anonymous_8)
FN:125,(anonymous_9)
FN:126,(anonymous_10)
FN:131,(anonymous_11)
FN:132,(anonymous_12)
FN:134,(anonymous_13)
FN:135,(anonymous_14)
FN:140,(anonymous_15)
FNF:16
FNH:12
FNDA:4,(anonymous_0)
FNDA:3,(anonymous_1)
FNDA:3,(anonymous_2)
FNDA:0,(anonymous_3)
FNDA:0,(anonymous_4)
FNDA:3,(anonymous_5)
FNDA:3,(anonymous_6)
FNDA:9,(anonymous_7)
FNDA:9,(anonymous_8)
FNDA:0,(anonymous_9)
FNDA:0,(anonymous_10)
FNDA:12,(anonymous_11)
FNDA:12,(anonymous_12)
FNDA:7,(anonymous_13)
FNDA:7,(anonymous_14)
FNDA:42,(anonymous_15)
DA:71,4
DA:103,4
DA:108,3
DA:111,0
DA:114,3
DA:117,9
DA:126,0
DA:132,12
DA:135,7
DA:140,42
LF:10
LH:8
BRF:0
BRH:0
end_of_record
TN:
SF:src/i18n/index.ts
FN:21,(anonymous_0)
FNF:1
FNH:0
FNDA:0,(anonymous_0)
DA:6,0
DA:7,0
DA:9,0
DA:21,0
DA:22,0
LF:5
LH:0
BRDA:7,0,0,0
BRDA:7,0,1,0
BRDA:7,1,0,0
BRDA:7,1,1,0
BRF:4
BRH:0
end_of_record
TN:
SF:src/lib/api.ts
FN:10,(anonymous_0)
FN:11,(anonymous_1)
FNF:2
FNH:0
FNDA:0,(anonymous_0)
FNDA:0,(anonymous_1)
DA:3,0
DA:10,0
DA:11,0
DA:13,0
DA:15,0
DA:16,0
DA:18,0
LF:7
LH:0
BRDA:13,0,0,0
BRDA:13,0,1,0
BRDA:13,1,0,0
BRDA:13,1,1,0
BRF:4
BRH:0
end_of_record
TN:
SF:src/lib/query-client.ts
FNF:0
FNH:0
DA:3,0
LF:1
LH:0
BRF:0
BRH:0
end_of_record
TN:
SF:src/lib/websocket.ts
FN:14,connect
FN:21,open
FN:25,(anonymous_2)
FN:30,(anonymous_3)
FN:39,(anonymous_4)
FN:48,(anonymous_5)
FN:56,(anonymous_6)
FNF:7
FNH:0
FNDA:0,connect
FNDA:0,open
FNDA:0,(anonymous_2)
FNDA:0,(anonymous_3)
FNDA:0,(anonymous_4)
FNDA:0,(anonymous_5)
FNDA:0,(anonymous_6)
DA:15,0
DA:16,0
DA:17,0
DA:18,0
DA:19,0
DA:22,0
DA:23,0
DA:25,0
DA:26,0
DA:27,0
DA:30,0
DA:31,0
DA:32,0
DA:33,0
DA:35,0
DA:39,0
DA:40,0
DA:41,0
DA:42,0
DA:43,0
DA:44,0
DA:48,0
DA:49,0
DA:53,0
DA:55,0
DA:57,0
DA:58,0
DA:59,0
LF:28
LH:0
BRDA:15,0,0,0
BRDA:22,1,0,0
BRDA:22,1,1,0
BRDA:41,2,0,0
BRDA:41,2,1,0
BRDA:41,3,0,0
BRDA:41,3,1,0
BRDA:58,4,0,0
BRDA:58,4,1,0
BRF:9
BRH:0
end_of_record
TN:
SF:src/stores/auth-store.ts
FN:13,(anonymous_0)
FN:17,(anonymous_1)
FN:18,(anonymous_2)
FN:19,(anonymous_3)
FNF:4
FNH:4
FNDA:7,(anonymous_0)
FNDA:2,(anonymous_1)
FNDA:5,(anonymous_2)
FNDA:1,(anonymous_3)
DA:13,7
DA:17,2
DA:18,5
DA:19,1
LF:4
LH:4
BRF:0
BRH:0
end_of_record
TN:
SF:src/stores/sidebar-store.ts
FN:9,(anonymous_0)
FN:15,(anonymous_1)
FN:17,(anonymous_2)
FN:17,(anonymous_3)
FN:21,(anonymous_4)
FN:22,(anonymous_5)
FNF:6
FNH:6
FNDA:4,(anonymous_0)
FNDA:4,(anonymous_1)
FNDA:3,(anonymous_2)
FNDA:3,(anonymous_3)
FNDA:49,(anonymous_4)
FNDA:6,(anonymous_5)
DA:9,4
DA:10,4
DA:11,4
DA:14,4
DA:15,4
DA:17,3
DA:21,4
DA:22,49
DA:24,6
LF:9
LH:9
BRF:0
BRH:0
end_of_record
TN:
SF:src/stores/theme-store.ts
FN:10,(anonymous_0)
FN:17,(anonymous_1)
FN:19,(anonymous_2)
FN:20,(anonymous_3)
FN:24,(anonymous_4)
FN:25,(anonymous_5)
FNF:6
FNH:6
FNDA:2,(anonymous_0)
FNDA:2,(anonymous_1)
FNDA:5,(anonymous_2)
FNDA:5,(anonymous_3)
FNDA:28,(anonymous_4)
FNDA:13,(anonymous_5)
DA:10,2
DA:11,2
DA:12,2
DA:13,2
DA:16,2
DA:17,2
DA:20,5
DA:24,2
DA:25,28
DA:27,13
DA:28,13
LF:11
LH:11
BRDA:12,0,0,0
BRDA:12,0,1,2
BRDA:12,1,0,2
BRDA:12,1,1,2
BRDA:20,2,0,3
BRDA:20,2,1,2
BRF:6
BRH:5
end_of_record
TN:
SF:src/types/index.ts
FNF:0
FNH:0
LF:0
LH:0
BRF:0
BRH:0
end_of_record
